<?xml version="1.0" encoding="UTF-8" ?>
<testsuite tests="8" failures="0" name="com.fta.javaasmt.question2.BalancedParanthesisTest" time="0.084" errors="0" skipped="0">
  <properties>
[...]
</properties>
  <testcase classname="com.fta.javaasmt.question2.BalancedParanthesisTest" name="allTests" time="0.074"/>
  <testcase classname="com.fta.javaasmt.question2.BalancedParanthesisTest" name="allTests" time="0"/>
  <testcase classname="com.fta.javaasmt.question2.BalancedParanthesisTest" name="allTests" time="0.001"/>
  <testcase classname="com.fta.javaasmt.question2.BalancedParanthesisTest" name="allTests" time="0.002"/>
  <testcase classname="com.fta.javaasmt.question2.BalancedParanthesisTest" name="allTests" time="0.001"/>
  <testcase classname="com.fta.javaasmt.question2.BalancedParanthesisTest" name="allTests" time="0.002"/>
  <testcase classname="com.fta.javaasmt.question2.BalancedParanthesisTest" name="allTests" time="0.002"/>
  <testcase classname="com.fta.javaasmt.question2.BalancedParanthesisTest" name="allTests" time="0.002"/>
</testsuite>