<?xml version="1.0" encoding="UTF-8"?>
<!-- Generated by org.testng.reporters.JUnitXMLReporter -->
<testsuite ignored="0" hostname="DESKTOP-E28OAG4" failures="0" tests="8" name="Command line test" time="0.108" errors="0" timestamp="28 May 2020 13:31:32 GMT">
  <testcase classname="com.fta.javaasmt.question2.BalancedParanthesisTest" name="allTests" time="0.073"/>
  <testcase classname="com.fta.javaasmt.question2.BalancedParanthesisTest" name="allTests" time="0.001"/>
  <testcase classname="com.fta.javaasmt.question2.BalancedParanthesisTest" name="allTests" time="0.002"/>
  <testcase classname="com.fta.javaasmt.question2.BalancedParanthesisTest" name="allTests" time="0.001"/>
  <testcase classname="com.fta.javaasmt.question2.BalancedParanthesisTest" name="allTests" time="0.001"/>
  <testcase classname="com.fta.javaasmt.question2.BalancedParanthesisTest" name="allTests" time="0.001"/>
  <testcase classname="com.fta.javaasmt.question2.BalancedParanthesisTest" name="allTests" time="0.001"/>
  <testcase classname="com.fta.javaasmt.question2.BalancedParanthesisTest" name="allTests" time="0.002"/>
</testsuite> <!-- Command line test -->
